2026-03-04 10:22:26 +0000 [MT] Initial pipeline context: <IDEDistributionProcessingPipelineContext: 0xae07cdb00; archive(resolved)="<IDEArchive: 0xae06db410>", distributionTask(resolved)="2", distributionDestination(resolved)="1", distributionMethod(resolved)="<IDEDistributionMethodDeveloperID: 0xae048fdf0>", team(resolved)="<IDEProvisioningBasicTeam: 0xae26a3c40; teamID='LU4CMSAS7X', teamName='(null)'>">
	Chain (12, self inclusive):
	<IDEDistributionProcessingPipelineContext: 0xae07cdb00; archive = "<IDEArchive: 0xae06db410>", distributionMethod="<IDEDistributionMethodDeveloperID: 0xae048fdf0>", team="<IDEProvisioningBasicTeam: 0xae26a3c40; teamID='LU4CMSAS7X', teamName='(null)'>">
	<IDEDistributionProcessingPipelineContext: 0xae07cd800; archive = "<IDEArchive: 0xae06db410>", distributionMethod="<IDEDistributionMethodDeveloperID: 0xae048fdf0>", team="<IDEProvisioningBasicTeam: 0xae26a3c40; teamID='LU4CMSAS7X', teamName='(null)'>">
	<IDEDistributionContext: 0xae26e5e00; archive = "<IDEArchive: 0xae06db410>", distributionMethod="<IDEDistributionMethodDeveloperID: 0xae048fdf0>", team="<IDEProvisioningBasicTeam: 0xae26a3c40; teamID='LU4CMSAS7X', teamName='(null)'>">
	<IDEDistributionContext: 0xae26e5b80; archive = "<IDEArchive: 0xae06db410>", distributionMethod="<IDEDistributionMethodDeveloperID: 0xae048fdf0>", team="<IDEProvisioningBasicTeam: 0xae26a3c40; teamID='LU4CMSAS7X', teamName='(null)'>">
	<IDEDistributionContext: 0xae26e5900; archive = "<IDEArchive: 0xae06db410>", distributionMethod="<IDEDistributionMethodDeveloperID: 0xae048fdf0>", team="<IDEProvisioningBasicTeam: 0xae26a3c40; teamID='LU4CMSAS7X', teamName='(null)'>">
	<IDEDistributionContext: 0xae26e5680; archive = "<IDEArchive: 0xae06db410>", distributionMethod="<IDEDistributionMethodDeveloperID: 0xae048fdf0>", team="<IDEProvisioningBasicTeam: 0xae26a3c40; teamID='LU4CMSAS7X', teamName='(null)'>">
	<IDEDistributionContext: 0xae26e4780; archive = "<IDEArchive: 0xae06db410>", distributionMethod="<IDEDistributionMethodDeveloperID: 0xae048fdf0>", team="<IDEProvisioningBasicTeam: 0xae26a3c40; teamID='LU4CMSAS7X', teamName='(null)'>">
	<IDEDistributionContext: 0xae26e4500; archive = "<IDEArchive: 0xae06db410>", distributionMethod="<IDEDistributionMethodDeveloperID: 0xae048fdf0>", team="<IDEProvisioningBasicTeam: 0xae26a3c40; teamID='LU4CMSAS7X', teamName='(null)'>">
	<IDEDistributionContext: 0xae26e4280; archive = "<IDEArchive: 0xae06db410>", distributionMethod="<IDEDistributionMethodDeveloperID: 0xae048fdf0>", team="<IDEProvisioningBasicTeam: 0xae26a3c40; teamID='LU4CMSAS7X', teamName='(null)'>">
	<IDEDistributionContext: 0xae26e4000; archive = "<IDEArchive: 0xae06db410>", distributionMethod="<IDEDistributionMethodDeveloperID: 0xae048fdf0>", team="(null)">
	<IDEDistributionContext: 0x102c40270; archive = "<IDEArchive: 0xae06db410>", distributionMethod="<IDEDistributionMethodDeveloperID: 0xae048fdf0>", team="(null)">
	<IDEDistributionContext: 0x102c3e670; archive = "<IDEArchive: 0xae06db410>", distributionMethod="(null)", team="(null)">
</IDEDistributionProcessingPipelineContext: 0xae07cdb00>
2026-03-04 10:22:26 +0000 [MT] Processing step: IDEDistributionCreateDestRootStep
2026-03-04 10:22:26 +0000 [MT] Processing step: IDEDistributionCopyItemStep
2026-03-04 10:22:26 +0000 [MT] Running /usr/bin/ditto '-V' '/Users/eduardwieandt/Porter/build/Porter.xcarchive/Products/Applications/Porter.app' '/var/folders/4k/thh273fn2gq7cj2xfb87wy380000gn/T/XcodeDistPipeline.~~~kQf0zV/Root/Applications/Porter.app'
2026-03-04 10:22:27 +0000  >>> Copying /Users/eduardwieandt/Porter/build/Porter.xcarchive/Products/Applications/Porter.app 
2026-03-04 10:22:27 +0000  copying file ./Contents/_CodeSignature/CodeResources ... 
2026-03-04 10:22:27 +0000  2200 bytes for ./Contents/_CodeSignature/CodeResources
copying file ./Contents/MacOS/Porter ... 
2026-03-04 10:22:27 +0000  480160 bytes for ./Contents/MacOS/Porter
2026-03-04 10:22:27 +0000  copying file ./Contents/Info.plist ... 
2026-03-04 10:22:27 +0000  1360 bytes for ./Contents/Info.plist
2026-03-04 10:22:27 +0000  copying file ./Contents/PkgInfo ... 
2026-03-04 10:22:27 +0000  8 bytes for ./Contents/PkgInfo
2026-03-04 10:22:27 +0000 [MT] /usr/bin/ditto exited with 0
2026-03-04 10:22:27 +0000 [MT] Processing step: IDEDistributionEmbedProfileStep
2026-03-04 10:22:27 +0000 [MT] Skipping profile for item: <IDEDistributionItem: 0xae071f600; bundleID='eduard.Porter', path='<DVTFilePath:0xae071dce0:'/Users/eduardwieandt/Porter/build/Porter.xcarchive/Products/Applications/Porter.app'>', codeSigningInfo='<_DVTCodeSigningInformation_Path: 0xae071f5a0; isSigned='1', isAdHocSigned='0', signingCertificate='<DVTSigningCertificate: 0xae250b480; name='Apple Development: Eduard Wieandt (ZY67X38HQ3)', hash='69E5E9699E26B49EFB77562142B8D19EF9639692', serialNumber='3413F2BFA80040E36B22389F8D66B737', certificateKinds='(
    "1.2.840.113635.100.6.1.12",
    "1.2.840.113635.100.6.1.2"
), issueDate='2025-05-29 14:33:41 +0000''>', entitlements='{
    "com.apple.security.app-sandbox" = 0;
    "com.apple.security.network.client" = 1;
}', teamID='LU4CMSAS7X', identifier='eduard.Porter', executablePath='<DVTFilePath:0xae071efa0:'/Users/eduardwieandt/Porter/build/Porter.xcarchive/Products/Applications/Porter.app/Contents/MacOS/Porter'>', hardenedRuntime='1'>'>
2026-03-04 10:22:27 +0000 [MT] Processing step: IDEDistributionInfoPlistStep
2026-03-04 10:22:27 +0000 [MT] Skipping step: IDEDistributionInfoPlistStep because it said so
2026-03-04 10:22:27 +0000 [MT] Processing step: IDEDistributionAppThinningPlistStep
2026-03-04 10:22:27 +0000 [MT] Processing step: IDEDistributionSymbolsStep
2026-03-04 10:22:27 +0000 [MT] Skipping step: IDEDistributionSymbolsStep because it said so
2026-03-04 10:22:27 +0000 [MT] Processing step: IDEDistributionAppThinningStep
2026-03-04 10:22:27 +0000 [MT] Skipping step: IDEDistributionAppThinningStep because it said so
2026-03-04 10:22:27 +0000 [MT] Processing step: IDEDistributionArchThinningStep
2026-03-04 10:22:27 +0000 [MT] Archs to thin for item /Users/eduardwieandt/Porter/build/Porter.xcarchive/Products/Applications/Porter.app are []
2026-03-04 10:22:27 +0000 [MT] Processing step: IDEDistributionODRStep
2026-03-04 10:22:27 +0000 [MT] Processing step: IDEDistributionStripXattrsStep
2026-03-04 10:22:27 +0000 [MT] Skipping stripping extended attributes because the codesign step will strip them.
2026-03-04 10:22:27 +0000 [MT] Processing step: IDEDistributionCodesignStep
2026-03-04 10:22:27 +0000 [MT] Entitlements for <IDEDistributionItem: 0xae071f600; bundleID='eduard.Porter', path='<DVTFilePath:0xae071dce0:'/Users/eduardwieandt/Porter/build/Porter.xcarchive/Products/Applications/Porter.app'>', codeSigningInfo='<_DVTCodeSigningInformation_Path: 0xae071f5a0; isSigned='1', isAdHocSigned='0', signingCertificate='<DVTSigningCertificate: 0xae250b480; name='Apple Development: Eduard Wieandt (ZY67X38HQ3)', hash='69E5E9699E26B49EFB77562142B8D19EF9639692', serialNumber='3413F2BFA80040E36B22389F8D66B737', certificateKinds='(
    "1.2.840.113635.100.6.1.12",
    "1.2.840.113635.100.6.1.2"
), issueDate='2025-05-29 14:33:41 +0000''>', entitlements='{
    "com.apple.security.app-sandbox" = 0;
    "com.apple.security.network.client" = 1;
}', teamID='LU4CMSAS7X', identifier='eduard.Porter', executablePath='<DVTFilePath:0xae071efa0:'/Users/eduardwieandt/Porter/build/Porter.xcarchive/Products/Applications/Porter.app/Contents/MacOS/Porter'>', hardenedRuntime='1'>'>: {
    "com.apple.security.app-sandbox" = 0;
    "com.apple.security.network.client" = 1;
}
2026-03-04 10:22:27 +0000 [MT] Associated App Clip Identifiers Filter: Skipping because "com.apple.developer.associated-appclip-app-identifiers" is not present
2026-03-04 10:22:27 +0000 [MT] Entitlements for <IDEDistributionItem: 0xae071f600; bundleID='eduard.Porter', path='<DVTFilePath:0xae071dce0:'/Users/eduardwieandt/Porter/build/Porter.xcarchive/Products/Applications/Porter.app'>', codeSigningInfo='<_DVTCodeSigningInformation_Path: 0xae071f5a0; isSigned='1', isAdHocSigned='0', signingCertificate='<DVTSigningCertificate: 0xae250a700; name='Apple Development: Eduard Wieandt (ZY67X38HQ3)', hash='69E5E9699E26B49EFB77562142B8D19EF9639692', serialNumber='3413F2BFA80040E36B22389F8D66B737', certificateKinds='(
    "1.2.840.113635.100.6.1.12",
    "1.2.840.113635.100.6.1.2"
), issueDate='2025-05-29 14:33:41 +0000''>', entitlements='{
    "com.apple.security.app-sandbox" = 0;
    "com.apple.security.network.client" = 1;
}', teamID='LU4CMSAS7X', identifier='eduard.Porter', executablePath='<DVTFilePath:0xae071efa0:'/Users/eduardwieandt/Porter/build/Porter.xcarchive/Products/Applications/Porter.app/Contents/MacOS/Porter'>', hardenedRuntime='1'>'> are: {
    "com.apple.security.app-sandbox" = 0;
    "com.apple.security.network.client" = 1;
}
2026-03-04 10:22:27 +0000 [MT] Writing entitlements for <IDEDistributionItem: 0xae071f600; bundleID='eduard.Porter', path='<DVTFilePath:0xae071dce0:'/Users/eduardwieandt/Porter/build/Porter.xcarchive/Products/Applications/Porter.app'>', codeSigningInfo='<_DVTCodeSigningInformation_Path: 0xae071f5a0; isSigned='1', isAdHocSigned='0', signingCertificate='<DVTSigningCertificate: 0xae250a700; name='Apple Development: Eduard Wieandt (ZY67X38HQ3)', hash='69E5E9699E26B49EFB77562142B8D19EF9639692', serialNumber='3413F2BFA80040E36B22389F8D66B737', certificateKinds='(
    "1.2.840.113635.100.6.1.12",
    "1.2.840.113635.100.6.1.2"
), issueDate='2025-05-29 14:33:41 +0000''>', entitlements='{
    "com.apple.security.app-sandbox" = 0;
    "com.apple.security.network.client" = 1;
}', teamID='LU4CMSAS7X', identifier='eduard.Porter', executablePath='<DVTFilePath:0xae071efa0:'/Users/eduardwieandt/Porter/build/Porter.xcarchive/Products/Applications/Porter.app/Contents/MacOS/Porter'>', hardenedRuntime='1'>'> to: /var/folders/4k/thh273fn2gq7cj2xfb87wy380000gn/T/XcodeDistPipeline.~~~kQf0zV/entitlements~~~KXMOsV
2026-03-04 10:22:27 +0000 [MT] invoking codesign: <NSConcreteTask: 0xae2918910; launchPath='/usr/bin/codesign', arguments='(
    "-f",
    "-s",
    82E9D3F760004E406F348F67BF60A30131BD8189,
    "--entitlements",
    "/var/folders/4k/thh273fn2gq7cj2xfb87wy380000gn/T/XcodeDistPipeline.~~~kQf0zV/entitlements~~~KXMOsV",
    "--requirements",
    "=designated => anchor apple generic  and identifier \"$self.identifier\" and ((cert leaf[field.1.2.840.113635.100.6.1.9] exists) or ( certificate 1[field.1.2.840.113635.100.6.2.6] exists and certificate leaf[field.1.2.840.113635.100.6.1.13] exists  and certificate leaf[subject.OU] = \"LU4CMSAS7X\" ))",
    "--preserve-metadata=identifier,flags,runtime,launch-constraints,library-constraints",
    "--generate-entitlement-der",
    "--strip-disallowed-xattrs",
    "-vvv",
    "/var/folders/4k/thh273fn2gq7cj2xfb87wy380000gn/T/XcodeDistPipeline.~~~kQf0zV/Root/Applications/Porter.app"
)'>
2026-03-04 10:22:28 +0000 [MT] codesign output: /var/folders/4k/thh273fn2gq7cj2xfb87wy380000gn/T/XcodeDistPipeline.~~~kQf0zV/Root/Applications/Porter.app: replacing existing signature
/var/folders/4k/thh273fn2gq7cj2xfb87wy380000gn/T/XcodeDistPipeline.~~~kQf0zV/Root/Applications/Porter.app: signed app bundle with Mach-O universal (x86_64 arm64) [eduard.Porter]
2026-03-04 10:22:28 +0000 [MT] Processing step: IDEDistributionZipODRItemStep
2026-03-04 10:22:28 +0000 [MT] Skipping step: IDEDistributionZipODRItemStep because it said so
2026-03-04 10:22:28 +0000 [MT] Processing step: IDEDistributionSkipPackagingStep
2026-03-04 10:22:28 +0000 [MT] Processing step: IDEDistributionAppStoreInformationStep
2026-03-04 10:22:28 +0000 [MT] Skipping step: IDEDistributionAppStoreInformationStep because it said so
2026-03-04 10:22:28 +0000 [MT] Processing step: IDEDistributionGenerateProcessedDistributionItems
2026-03-04 10:22:28 +0000 [MT] IDEDistributionItem init <DVTFilePath:0xae015b0c0:'/var/folders/4k/thh273fn2gq7cj2xfb87wy380000gn/T/XcodeDistPipeline.~~~kQf0zV/Root/Applications/Porter.app'>
2026-03-04 10:22:28 +0000 [MT] [OPTIONAL] Didn't find embedded provisioning profile for <DVTFilePath:0xae015b0c0:'/var/folders/4k/thh273fn2gq7cj2xfb87wy380000gn/T/XcodeDistPipeline.~~~kQf0zV/Root/Applications/Porter.app'>: Error Domain=NSCocoaErrorDomain Code=4 "No file at <DVTFilePath:0xae08512d0:'/var/folders/4k/thh273fn2gq7cj2xfb87wy380000gn/T/XcodeDistPipeline.~~~kQf0zV/Root/Applications/Porter.app/Contents/embedded.provisionprofile'>" UserInfo={NSLocalizedDescription=No file at <DVTFilePath:0xae08512d0:'/var/folders/4k/thh273fn2gq7cj2xfb87wy380000gn/T/XcodeDistPipeline.~~~kQf0zV/Root/Applications/Porter.app/Contents/embedded.provisionprofile'>}
2026-03-04 10:22:28 +0000 [MT] Processing step: IDEDistributionCreateManifestStep
2026-03-04 10:22:28 +0000 [MT] Skipping step: IDEDistributionCreateManifestStep because it said so
